remote: error: GH013: Repository rule violations found for refs/heads/main.        
remote: 
remote: - GITHUB PUSH PROTECTION        
remote:   —————————————————————————————————————————        
remote:     Resolve the following violations before pushing again        
remote: 
remote:     - Push cannot contain secrets        
remote: 
remote:             
remote:      (?) Learn how to resolve a blocked push        
remote:      https://docs.github.com/code-security/secret-scanning/working-with-secret-scanning-and-push-protection/working-with-push-protection-from-the-command-line#resolving-a-blocked-push        
remote:             
remote:             
remote:       —— Stripe API Key ————————————————————————————————————        
remote:        locations:        
remote:          - commit: dbb592ebffc956a634a43d200055913f08058e55        
remote:            path: vite.config.ts:31        
remote:          - commit: dbb592ebffc956a634a43d200055913f08058e55        
remote:            path: vite.config.ts:75        
remote:             
remote:        (?) To push, remove secret from commit(s) or follow this URL to allow the secret.        
remote:        https://github.com/Mheadbadkalepo/WorkAIAcademy/security/secret-scanning/unblock-secret/3BSMa0UlzNewvuqLR1rKRGYkctZ        
remote:             
remote: 
remote: 
To https://github.com/Mheadbadkalepo/WorkAIAcademy.git
 ! [remote rejected] main -> main (push declined due to repository rule violations)
error: failed to push some refs to 'https://github.com/Mheadbadkalepo/WorkAIAcademy.git'
